# JRE version: OpenJDK Runtime Environment (8.0_76-b03) (build 1.8.0_76-release-b03)
# Java VM: OpenJDK 64-Bit Server VM (25.76-b03 mixed mode windows-amd64 compressed oops)
Heap:
 PSYoungGen      total 197632K, used 66234K [0x00000000e0000000, 0x00000000ed700000, 0x0000000100000000)
  eden space 179712K, 35% used [0x00000000e0000000,0x00000000e3da6a50,0x00000000eaf80000)
  from space 17920K, 17% used [0x00000000eaf80000,0x00000000eb288000,0x00000000ec100000)
  to   space 16896K, 0% used [0x00000000ec680000,0x00000000ec680000,0x00000000ed700000)
 ParOldGen       total 98304K, used 33938K [0x00000000a0000000, 0x00000000a6000000, 0x00000000e0000000)
  object space 98304K, 34% used [0x00000000a0000000,0x00000000a2124a30,0x00000000a6000000)
 Metaspace       used 74007K, capacity 78904K, committed 79488K, reserved 1118208K
  class space    used 9358K, capacity 9942K, committed 10368K, reserved 1048576K
GC Heap History (10 events):
Event: 2208.548 GC heap before
{Heap before GC invocations=51 (full 11):
 PSYoungGen      total 193024K, used 1456K [0x00000000e0000000, 0x00000000ed080000, 0x0000000100000000)
  eden space 174592K, 0% used [0x00000000e0000000,0x00000000e0000000,0x00000000eaa80000)
  from space 18432K, 7% used [0x00000000ebe80000,0x00000000ebfec030,0x00000000ed080000)
  to   space 19456K, 0% used [0x00000000eaa80000,0x00000000eaa80000,0x00000000ebd80000)
 ParOldGen       total 98304K, used 34721K [0x00000000a0000000, 0x00000000a6000000, 0x00000000e0000000)
  object space 98304K, 35% used [0x00000000a0000000,0x00000000a21e85f0,0x00000000a6000000)
 Metaspace       used 73098K, capacity 77384K, committed 78336K, reserved 1118208K
  class space    used 9251K, capacity 9780K, committed 10240K, reserved 1048576K
Event: 2209.807 GC heap after
Heap after GC invocations=51 (full 11):
 PSYoungGen      total 193024K, used 0K [0x00000000e0000000, 0x00000000ed080000, 0x0000000100000000)
  eden space 174592K, 0% used [0x00000000e0000000,0x00000000e0000000,0x00000000eaa80000)
  from space 18432K, 0% used [0x00000000ebe80000,0x00000000ebe80000,0x00000000ed080000)
  to   space 19456K, 0% used [0x00000000eaa80000,0x00000000eaa80000,0x00000000ebd80000)
 ParOldGen       total 98304K, used 33868K [0x00000000a0000000, 0x00000000a6000000, 0x00000000e0000000)
  object space 98304K, 34% used [0x00000000a0000000,0x00000000a2113068,0x00000000a6000000)
 Metaspace       used 73057K, capacity 77318K, committed 78336K, reserved 1118208K
  class space    used 9245K, capacity 9769K, committed 10240K, reserved 1048576K
}
Event: 2396.285 GC heap before
{Heap before GC invocations=52 (full 11):
 PSYoungGen      total 193024K, used 174592K [0x00000000e0000000, 0x00000000ed080000, 0x0000000100000000)
  eden space 174592K, 100% used [0x00000000e0000000,0x00000000eaa80000,0x00000000eaa80000)
  from space 18432K, 0% used [0x00000000ebe80000,0x00000000ebe80000,0x00000000ed080000)
  to   space 19456K, 0% used [0x00000000eaa80000,0x00000000eaa80000,0x00000000ebd80000)
 ParOldGen       total 98304K, used 33868K [0x00000000a0000000, 0x00000000a6000000, 0x00000000e0000000)
  object space 98304K, 34% used [0x00000000a0000000,0x00000000a2113068,0x00000000a6000000)
 Metaspace       used 73218K, capacity 77616K, committed 78592K, reserved 1118208K
  class space    used 9267K, capacity 9794K, committed 10240K, reserved 1048576K
Event: 2396.472 GC heap after
Heap after GC invocations=52 (full 11):
 PSYoungGen      total 194048K, used 3008K [0x00000000e0000000, 0x00000000ed380000, 0x0000000100000000)
  eden space 174592K, 0% used [0x00000000e0000000,0x00000000e0000000,0x00000000eaa80000)
  from space 19456K, 15% used [0x00000000eaa80000,0x00000000ead70000,0x00000000ebd80000)
  to   space 18432K, 0% used [0x00000000ec180000,0x00000000ec180000,0x00000000ed380000)
 ParOldGen       total 98304K, used 33876K [0x00000000a0000000, 0x00000000a6000000, 0x00000000e0000000)
  object space 98304K, 34% used [0x00000000a0000000,0x00000000a2115068,0x00000000a6000000)
 Metaspace       used 73218K, capacity 77616K, committed 78592K, reserved 1118208K
  class space    used 9267K, capacity 9794K, committed 10240K, reserved 1048576K
}
Event: 2403.625 GC heap before
{Heap before GC invocations=53 (full 11):
 PSYoungGen      total 194048K, used 76955K [0x00000000e0000000, 0x00000000ed380000, 0x0000000100000000)
  eden space 174592K, 42% used [0x00000000e0000000,0x00000000e4836c40,0x00000000eaa80000)
  from space 19456K, 15% used [0x00000000eaa80000,0x00000000ead70000,0x00000000ebd80000)
  to   space 18432K, 0% used [0x00000000ec180000,0x00000000ec180000,0x00000000ed380000)
 ParOldGen       total 98304K, used 33876K [0x00000000a0000000, 0x00000000a6000000, 0x00000000e0000000)
  object space 98304K, 34% used [0x00000000a0000000,0x00000000a2115068,0x00000000a6000000)
 Metaspace       used 73290K, capacity 77704K, committed 78592K, reserved 1118208K
  class space    used 9269K, capacity 9798K, committed 10240K, reserved 1048576K
Event: 2403.634 GC heap after
Heap after GC invocations=53 (full 11):
 PSYoungGen      total 197120K, used 912K [0x00000000e0000000, 0x00000000ed280000, 0x0000000100000000)
  eden space 179712K, 0% used [0x00000000e0000000,0x00000000e0000000,0x00000000eaf80000)
  from space 17408K, 5% used [0x00000000ec180000,0x00000000ec264010,0x00000000ed280000)
  to   space 17920K, 0% used [0x00000000eaf80000,0x00000000eaf80000,0x00000000ec100000)
 ParOldGen       total 98304K, used 33884K [0x00000000a0000000, 0x00000000a6000000, 0x00000000e0000000)
  object space 98304K, 34% used [0x00000000a0000000,0x00000000a2117068,0x00000000a6000000)
 Metaspace       used 73290K, capacity 77704K, committed 78592K, reserved 1118208K
  class space    used 9269K, capacity 9798K, committed 10240K, reserved 1048576K
}
Event: 2403.635 GC heap before
{Heap before GC invocations=54 (full 12):
 PSYoungGen      total 197120K, used 912K [0x00000000e0000000, 0x00000000ed280000, 0x0000000100000000)
  eden space 179712K, 0% used [0x00000000e0000000,0x00000000e0000000,0x00000000eaf80000)
  from space 17408K, 5% used [0x00000000ec180000,0x00000000ec264010,0x00000000ed280000)
  to   space 17920K, 0% used [0x00000000eaf80000,0x00000000eaf80000,0x00000000ec100000)
 ParOldGen       total 98304K, used 33884K [0x00000000a0000000, 0x00000000a6000000, 0x00000000e0000000)
  object space 98304K, 34% used [0x00000000a0000000,0x00000000a2117068,0x00000000a6000000)
 Metaspace       used 73290K, capacity 77704K, committed 78592K, reserved 1118208K
  class space    used 9269K, capacity 9798K, committed 10240K, reserved 1048576K
Event: 2404.660 GC heap after
Heap after GC invocations=54 (full 12):
 PSYoungGen      total 197120K, used 0K [0x00000000e0000000, 0x00000000ed280000, 0x0000000100000000)
  eden space 179712K, 0% used [0x00000000e0000000,0x00000000e0000000,0x00000000eaf80000)
  from space 17408K, 0% used [0x00000000ec180000,0x00000000ec180000,0x00000000ed280000)
  to   space 17920K, 0% used [0x00000000eaf80000,0x00000000eaf80000,0x00000000ec100000)
 ParOldGen       total 98304K, used 33930K [0x00000000a0000000, 0x00000000a6000000, 0x00000000e0000000)
  object space 98304K, 34% used [0x00000000a0000000,0x00000000a2122a30,0x00000000a6000000)
 Metaspace       used 73290K, capacity 77704K, committed 78592K, reserved 1118208K
  class space    used 9269K, capacity 9798K, committed 10240K, reserved 1048576K
}
Event: 2527.636 GC heap before
{Heap before GC invocations=55 (full 12):
 PSYoungGen      total 197120K, used 179712K [0x00000000e0000000, 0x00000000ed280000, 0x0000000100000000)
  eden space 179712K, 100% used [0x00000000e0000000,0x00000000eaf80000,0x00000000eaf80000)
  from space 17408K, 0% used [0x00000000ec180000,0x00000000ec180000,0x00000000ed280000)
  to   space 17920K, 0% used [0x00000000eaf80000,0x00000000eaf80000,0x00000000ec100000)
 ParOldGen       total 98304K, used 33930K [0x00000000a0000000, 0x00000000a6000000, 0x00000000e0000000)
  object space 98304K, 34% used [0x00000000a0000000,0x00000000a2122a30,0x00000000a6000000)
 Metaspace       used 73819K, capacity 78670K, committed 79232K, reserved 1118208K
  class space    used 9354K, capacity 9935K, committed 10368K, reserved 1048576K
Event: 2528.128 GC heap after
Heap after GC invocations=55 (full 12):
 PSYoungGen      total 197632K, used 3104K [0x00000000e0000000, 0x00000000ed700000, 0x0000000100000000)
  eden space 179712K, 0% used [0x00000000e0000000,0x00000000e0000000,0x00000000eaf80000)
  from space 17920K, 17% used [0x00000000eaf80000,0x00000000eb288000,0x00000000ec100000)
  to   space 16896K, 0% used [0x00000000ec680000,0x00000000ec680000,0x00000000ed700000)
 ParOldGen       total 98304K, used 33938K [0x00000000a0000000, 0x00000000a6000000, 0x00000000e0000000)
  object space 98304K, 34% used [0x00000000a0000000,0x00000000a2124a30,0x00000000a6000000)
 Metaspace       used 73819K, capacity 78670K, committed 79232K, reserved 1118208K
  class space    used 9354K, capacity 9935K, committed 10368K, reserved 1048576K
}

